#***************************************************************************

#sjplacer

#Version:            1.1

#Build Date:         Apr 29 2016 09:00:55

#File Generated:     Apr 8 2017 07:19:49

#Purpose:            

#Copyright (C) 2010-2011 by Softjin Technologies Pvt Ltd. All rights reserved.

#***************************************************************************

Executing : D:\Programming\Cypress\PSoC Creator\4.0\PSoC Creator\bin/sjplacer.exe --proj-name Node-Beaver_FE3 --netlist-vh2 Node-Beaver_FE3_p.vh2 --arch-file D:\Programming\Cypress\PSoC Creator\4.0\PSoC Creator\dev/arch/p35_udb4x6.ark --rrg-file D:\Programming\Cypress\PSoC Creator\4.0\PSoC Creator\dev/psoc5/psoc5lp/route_arch-rrg.cydata --irq-file D:\Programming\Cypress\PSoC Creator\4.0\PSoC Creator\dev/psoc5/psoc5lp/irqconn.cydata --drq-file D:\Programming\Cypress\PSoC Creator\4.0\PSoC Creator\dev/psoc5/psoc5lp/dmaconn.cydata --dsi-conn-file D:\Programming\Cypress\PSoC Creator\4.0\PSoC Creator\dev/psoc5/psoc5lp/dsiconn.cydata --pins-file pins_100-TQFP.xml --lib-file Node-Beaver_FE3_p.lib --sdc-file Node-Beaver_FE3.sdc --io-pcf Node-Beaver_FE3.pci --outdir .

		Softjin Techologies Placer, Version 1.1

Build Date : Apr 29 2016	08:58:44

D2004: Option and Settings Summary
=============================================================
Netlist vh2 file          - Node-Beaver_FE3_p.vh2
Architecture file         - D:\Programming\Cypress\PSoC Creator\4.0\PSoC Creator\dev/arch/p35_udb4x6.ark
Package                   - 
Defparam file             - 
SDC file                  - Node-Beaver_FE3.sdc
Output directory          - .
Timing library            - Node-Beaver_FE3_p.lib
IO Placement file         - Node-Beaver_FE3.pci

D2050: Starting reading inputs for placer
=============================================================
D2065: Reading netlist file : "Node-Beaver_FE3_p.vh2"
D2065: Reading arch file : "D:\Programming\Cypress\PSoC Creator\4.0\PSoC Creator\dev/arch/p35_udb4x6.ark"
D2051: Reading of inputs for placer completed successfully

D2053: Starting placement of the design
=============================================================

Phase 2
Phase 3

Design Statistics after Packing
    Number of Combinational MCs 	:	18
    Number of Sequential MCs    	:	24
    Number of DPs               	:	12
    Number of Controls          	:	5
    Number of Status            	:	7
    Number of SyncCells         	:	0
    Number of count7cells       	:	2

Device Utilization Summary after Packing
    Macrocells                  :	42/192
    UDBS                        :	17/24
    IOs                         :	16/72


D2088: Phase 3, elapsed time : 0.0 (sec)

Phase 4
D2088: Phase 4, elapsed time : 0.0 (sec)

Phase 5
D2088: Phase 5, elapsed time : 0.0 (sec)

Phase 6

######################################################################
Placement Timing Summary

The timing summary is based on estimated routing delays after
placement. For final timing report, please carry out the timing
analysis after routing.
======================================================================

######################################################################
                     Clock Summary 
======================================================================
Number of clocks: 10
Clock: Clock_1              | Frequency: N/A       | Target:   3.0 MHz
Clock: CyBUS_CLK            | Frequency:  93.9 MHz | Target:  24.0 MHz
Clock: CyBUS_CLK(fixed-function) | Frequency: N/A       | Target:  24.0 MHz
Clock: CyILO                | Frequency: N/A       | Target:   0.1 MHz
Clock: CyIMO                | Frequency: N/A       | Target:  24.0 MHz
Clock: CyMASTER_CLK         | Frequency: N/A       | Target:  24.0 MHz
Clock: CyPLL_OUT            | Frequency: N/A       | Target:  24.0 MHz
Clock: emFile_1_Clock_1     | Frequency:  54.5 MHz | Target:  24.0 MHz
Clock: timer_clock          | Frequency:  35.7 MHz | Target:   0.0 MHz
Clock: xbee_spi_IntClock    | Frequency:  38.5 MHz | Target:   0.5 MHz

======================================================================
                     End of Clock Summary
######################################################################

D2088: Phase 6, elapsed time : 0.1 (sec)

Phase 7
######################################################################
                     Clock Summary 
======================================================================
Number of clocks: 10
Clock: Clock_1              | Frequency: N/A       | Target:   3.0 MHz
Clock: CyBUS_CLK            | Frequency:   2.3 MHz | Target:  24.0 MHz
Clock: CyBUS_CLK(fixed-function) | Frequency: N/A       | Target:  24.0 MHz
Clock: CyILO                | Frequency: N/A       | Target:   0.1 MHz
Clock: CyIMO                | Frequency: N/A       | Target:  24.0 MHz
Clock: CyMASTER_CLK         | Frequency: N/A       | Target:  24.0 MHz
Clock: CyPLL_OUT            | Frequency: N/A       | Target:  24.0 MHz
Clock: emFile_1_Clock_1     | Frequency:  54.3 MHz | Target:  24.0 MHz
Clock: timer_clock          | Frequency:  35.7 MHz | Target:   0.0 MHz
Clock: xbee_spi_IntClock    | Frequency:   2.3 MHz | Target:   0.5 MHz

======================================================================
                     End of Clock Summary
######################################################################
D2088: Phase 7, elapsed time : 2.6 (sec)

Final Design Statistics
    Number of Combinational MCs 	:	18
    Number of Sequential MCs    	:	24
    Number of DPs               	:	12
    Number of Controls          	:	5
    Number of Status            	:	7
    Number of SyncCells         	:	0
    Number of count7cells       	:	2
    Number of IOs       	:	16

Device Utilization Summary
    Macrocells                  :	42/192
    IOs                         :	16/72



######################################################################
Placement Timing Summary

The timing summary is based on estimated routing delays after
placement. For final timing report, please carry out the timing
analysis after routing.
======================================================================


######################################################################
                     Clock Summary 
======================================================================
Number of clocks: 10
Clock: Clock_1              | Frequency: N/A       | Target:   3.0 MHz
Clock: CyBUS_CLK            | Frequency:   2.3 MHz | Target:  24.0 MHz
Clock: CyBUS_CLK(fixed-function) | Frequency: N/A       | Target:  24.0 MHz
Clock: CyILO                | Frequency: N/A       | Target:   0.1 MHz
Clock: CyIMO                | Frequency: N/A       | Target:  24.0 MHz
Clock: CyMASTER_CLK         | Frequency: N/A       | Target:  24.0 MHz
Clock: CyPLL_OUT            | Frequency: N/A       | Target:  24.0 MHz
Clock: emFile_1_Clock_1     | Frequency:  51.9 MHz | Target:  24.0 MHz
Clock: timer_clock          | Frequency:  35.7 MHz | Target:   0.0 MHz
Clock: xbee_spi_IntClock    | Frequency:   2.3 MHz | Target:   0.5 MHz

======================================================================
                     End of Clock Summary
######################################################################

Phase 8
D2088: Phase 8, elapsed time : 0.0 (sec)

D2054: Placement of the design completed successfully

I2076: Total run-time: 4.6 sec.

