--------------- Clean Started: 02/28/2017 19:38:52 Project: Node-Beaver_time-set, Configuration: ARM GCC 4.9-2015-q1-update Debug ---------------
Deleting file ".\CortexM3\ARM_GCC_493\Debug\main.o"
Deleting file ".\CortexM3\ARM_GCC_493\Debug\time_manager.o"
Deleting file ".\CortexM3\ARM_GCC_493\Debug\cyfitter_cfg.o"
Deleting file ".\CortexM3\ARM_GCC_493\Debug\cymetadata.o"
Deleting file ".\CortexM3\ARM_GCC_493\Debug\RTC_SDA_1.o"
Deleting file ".\CortexM3\ARM_GCC_493\Debug\RTC_SCL_1.o"
Deleting file ".\CortexM3\ARM_GCC_493\Debug\rtc_i2c.o"
Deleting file ".\CortexM3\ARM_GCC_493\Debug\rtc_i2c_BOOT.o"
Deleting file ".\CortexM3\ARM_GCC_493\Debug\rtc_i2c_INT.o"
Deleting file ".\CortexM3\ARM_GCC_493\Debug\rtc_i2c_PM.o"
Deleting file ".\CortexM3\ARM_GCC_493\Debug\rtc_i2c_SLAVE.o"
Deleting file ".\CortexM3\ARM_GCC_493\Debug\rtc_i2c_MASTER.o"
Deleting file ".\CortexM3\ARM_GCC_493\Debug\millis_timer.o"
Deleting file ".\CortexM3\ARM_GCC_493\Debug\millis_timer_PM.o"
Deleting file ".\CortexM3\ARM_GCC_493\Debug\timer_clock.o"
Deleting file ".\CortexM3\ARM_GCC_493\Debug\time_refresh_timer.o"
Deleting file ".\CortexM3\ARM_GCC_493\Debug\time_refresh_timer_PM.o"
Deleting file ".\CortexM3\ARM_GCC_493\Debug\time_refresh_isr.o"
Deleting file ".\CortexM3\ARM_GCC_493\Debug\Cm3Start.o"
Deleting file ".\CortexM3\ARM_GCC_493\Debug\CyBootAsmGnu.o"
Deleting file ".\CortexM3\ARM_GCC_493\Debug\CyDmac.o"
Deleting file ".\CortexM3\ARM_GCC_493\Debug\CyFlash.o"
Deleting file ".\CortexM3\ARM_GCC_493\Debug\CyLib.o"
Deleting file ".\CortexM3\ARM_GCC_493\Debug\cyPm.o"
Deleting file ".\CortexM3\ARM_GCC_493\Debug\CySpc.o"
Deleting file ".\CortexM3\ARM_GCC_493\Debug\cyutils.o"
Deleting file ".\CortexM3\ARM_GCC_493\Debug\Node-Beaver_time-set.hex"
Deleting file ".\CortexM3\ARM_GCC_493\Debug\Node-Beaver_time-set.elf"
Deleting file ".\CortexM3\ARM_GCC_493\Debug\Node-Beaver_time-set.map"
Deleting file ".\Node-Beaver_time-set.cycdx"
Deleting file ".\Node-Beaver_time-set.svd"
Deleting file ".\Node-Beaver_time-set.rpt"
Deleting file ".\Node-Beaver_time-set_timing.html"
Deleting file ".\CortexM3\ARM_GCC_493\Debug\.deps\SOURCE_C__ARM_GCC_GENERIC.P"
Deleting file ".\CortexM3\ARM_GCC_493\Debug\.deps\SOURCE_ASM__ARM_GCC_GENERIC.P"
--------------- Clean Succeeded: 02/28/2017 19:38:52 ---------------
