ARM GAS  D:\Windows\AppData\Local\Temp\ccYuXeDf.s 			page 1


   1              		.syntax unified
   2              		.cpu cortex-m3
   3              		.fpu softvfp
   4              		.eabi_attribute 20, 1
   5              		.eabi_attribute 21, 1
   6              		.eabi_attribute 23, 3
   7              		.eabi_attribute 24, 1
   8              		.eabi_attribute 25, 1
   9              		.eabi_attribute 26, 1
  10              		.eabi_attribute 30, 6
  11              		.eabi_attribute 34, 1
  12              		.eabi_attribute 18, 4
  13              		.thumb
  14              		.file	"cymetadata.c"
  15              		.text
  16              	.Ltext0:
  17              		.cfi_sections	.debug_frame
  18              		.global	cy_meta_configecc
  19              		.section	.cyconfigecc,"a",%progbits
  20              		.align	2
  21              		.type	cy_meta_configecc, %object
  22              		.size	cy_meta_configecc, 532
  23              	cy_meta_configecc:
  24 0000 02       		.byte	2
  25 0001 52       		.byte	82
  26 0002 00       		.byte	0
  27 0003 40       		.byte	64
  28 0004 02       		.byte	2
  29 0005 64       		.byte	100
  30 0006 00       		.byte	0
  31 0007 40       		.byte	64
  32 0008 01       		.byte	1
  33 0009 03       		.byte	3
  34 000a 01       		.byte	1
  35 000b 40       		.byte	64
  36 000c 26       		.byte	38
  37 000d 0A       		.byte	10
  38 000e 01       		.byte	1
  39 000f 40       		.byte	64
  40 0010 0A       		.byte	10
  41 0011 0B       		.byte	11
  42 0012 01       		.byte	1
  43 0013 40       		.byte	64
  44 0014 1D       		.byte	29
  45 0015 0C       		.byte	12
  46 0016 01       		.byte	1
  47 0017 40       		.byte	64
  48 0018 0F       		.byte	15
  49 0019 0D       		.byte	13
  50 001a 01       		.byte	1
  51 001b 40       		.byte	64
  52 001c 30       		.byte	48
  53 001d 0E       		.byte	14
  54 001e 01       		.byte	1
  55 001f 40       		.byte	64
  56 0020 16       		.byte	22
  57 0021 0F       		.byte	15
ARM GAS  D:\Windows\AppData\Local\Temp\ccYuXeDf.s 			page 2


  58 0022 01       		.byte	1
  59 0023 40       		.byte	64
  60 0024 01       		.byte	1
  61 0025 15       		.byte	21
  62 0026 01       		.byte	1
  63 0027 40       		.byte	64
  64 0028 01       		.byte	1
  65 0029 1B       		.byte	27
  66 002a 01       		.byte	1
  67 002b 40       		.byte	64
  68 002c 02       		.byte	2
  69 002d 40       		.byte	64
  70 002e 01       		.byte	1
  71 002f 40       		.byte	64
  72 0030 02       		.byte	2
  73 0031 41       		.byte	65
  74 0032 01       		.byte	1
  75 0033 40       		.byte	64
  76 0034 02       		.byte	2
  77 0035 42       		.byte	66
  78 0036 01       		.byte	1
  79 0037 40       		.byte	64
  80 0038 01       		.byte	1
  81 0039 43       		.byte	67
  82 003a 01       		.byte	1
  83 003b 40       		.byte	64
  84 003c 07       		.byte	7
  85 003d 45       		.byte	69
  86 003e 01       		.byte	1
  87 003f 40       		.byte	64
  88 0040 03       		.byte	3
  89 0041 46       		.byte	70
  90 0042 01       		.byte	1
  91 0043 40       		.byte	64
  92 0044 03       		.byte	3
  93 0045 47       		.byte	71
  94 0046 01       		.byte	1
  95 0047 40       		.byte	64
  96 0048 01       		.byte	1
  97 0049 48       		.byte	72
  98 004a 01       		.byte	1
  99 004b 40       		.byte	64
 100 004c 02       		.byte	2
 101 004d 49       		.byte	73
 102 004e 01       		.byte	1
 103 004f 40       		.byte	64
 104 0050 09       		.byte	9
 105 0051 4C       		.byte	76
 106 0052 01       		.byte	1
 107 0053 40       		.byte	64
 108 0054 01       		.byte	1
 109 0055 4D       		.byte	77
 110 0056 01       		.byte	1
 111 0057 40       		.byte	64
 112 0058 03       		.byte	3
 113 0059 50       		.byte	80
 114 005a 01       		.byte	1
ARM GAS  D:\Windows\AppData\Local\Temp\ccYuXeDf.s 			page 3


 115 005b 40       		.byte	64
 116 005c 02       		.byte	2
 117 005d 51       		.byte	81
 118 005e 01       		.byte	1
 119 005f 40       		.byte	64
 120 0060 11       		.byte	17
 121 0061 40       		.byte	64
 122 0062 14       		.byte	20
 123 0063 60       		.byte	96
 124 0064 8C       		.byte	-116
 125 0065 0D       		.byte	13
 126 0066 8F       		.byte	-113
 127 0067 0D       		.byte	13
 128 0068 EE       		.byte	-18
 129 0069 08       		.byte	8
 130 006a 40       		.byte	64
 131 006b 54       		.byte	84
 132 006c 49       		.byte	73
 133 006d FF       		.byte	-1
 134 006e 4A       		.byte	74
 135 006f FF       		.byte	-1
 136 0070 4B       		.byte	75
 137 0071 FF       		.byte	-1
 138 0072 4F       		.byte	79
 139 0073 01       		.byte	1
 140 0074 50       		.byte	80
 141 0075 18       		.byte	24
 142 0076 5A       		.byte	90
 143 0077 04       		.byte	4
 144 0078 5F       		.byte	95
 145 0079 01       		.byte	1
 146 007a 60       		.byte	96
 147 007b 40       		.byte	64
 148 007c 62       		.byte	98
 149 007d 40       		.byte	64
 150 007e 64       		.byte	100
 151 007f 40       		.byte	64
 152 0080 65       		.byte	101
 153 0081 40       		.byte	64
 154 0082 66       		.byte	102
 155 0083 80       		.byte	-128
 156 0084 68       		.byte	104
 157 0085 80       		.byte	-128
 158 0086 6A       		.byte	106
 159 0087 80       		.byte	-128
 160 0088 6C       		.byte	108
 161 0089 80       		.byte	-128
 162 008a 6E       		.byte	110
 163 008b 80       		.byte	-128
 164 008c C0       		.byte	-64
 165 008d 14       		.byte	20
 166 008e C9       		.byte	-55
 167 008f FF       		.byte	-1
 168 0090 CA       		.byte	-54
 169 0091 FF       		.byte	-1
 170 0092 CB       		.byte	-53
 171 0093 FF       		.byte	-1
ARM GAS  D:\Windows\AppData\Local\Temp\ccYuXeDf.s 			page 4


 172 0094 CD       		.byte	-51
 173 0095 83       		.byte	-125
 174 0096 CE       		.byte	-50
 175 0097 03       		.byte	3
 176 0098 CF       		.byte	-49
 177 0099 01       		.byte	1
 178 009a D0       		.byte	-48
 179 009b 18       		.byte	24
 180 009c D2       		.byte	-46
 181 009d 80       		.byte	-128
 182 009e DA       		.byte	-38
 183 009f 04       		.byte	4
 184 00a0 DB       		.byte	-37
 185 00a1 04       		.byte	4
 186 00a2 DF       		.byte	-33
 187 00a3 01       		.byte	1
 188 00a4 E0       		.byte	-32
 189 00a5 40       		.byte	64
 190 00a6 E2       		.byte	-30
 191 00a7 40       		.byte	64
 192 00a8 E4       		.byte	-28
 193 00a9 40       		.byte	64
 194 00aa E5       		.byte	-27
 195 00ab 40       		.byte	64
 196 00ac E6       		.byte	-26
 197 00ad 80       		.byte	-128
 198 00ae E8       		.byte	-24
 199 00af 80       		.byte	-128
 200 00b0 EA       		.byte	-22
 201 00b1 80       		.byte	-128
 202 00b2 EC       		.byte	-20
 203 00b3 80       		.byte	-128
 204 00b4 EE       		.byte	-18
 205 00b5 80       		.byte	-128
 206 00b6 42       		.byte	66
 207 00b7 80       		.byte	-128
 208 00b8 46       		.byte	70
 209 00b9 80       		.byte	-128
 210 00ba 47       		.byte	71
 211 00bb 80       		.byte	-128
 212 00bc 48       		.byte	72
 213 00bd 01       		.byte	1
 214 00be 74       		.byte	116
 215 00bf 01       		.byte	1
 216 00c0 77       		.byte	119
 217 00c1 80       		.byte	-128
 218 00c2 9A       		.byte	-102
 219 00c3 80       		.byte	-128
 220 00c4 9F       		.byte	-97
 221 00c5 80       		.byte	-128
 222 00c6 D0       		.byte	-48
 223 00c7 91       		.byte	-111
 224 00c8 D2       		.byte	-46
 225 00c9 08       		.byte	8
 226 00ca 22       		.byte	34
 227 00cb 01       		.byte	1
 228 00cc 2E       		.byte	46
ARM GAS  D:\Windows\AppData\Local\Temp\ccYuXeDf.s 			page 5


 229 00cd 01       		.byte	1
 230 00ce 30       		.byte	48
 231 00cf 01       		.byte	1
 232 00d0 3E       		.byte	62
 233 00d1 01       		.byte	1
 234 00d2 40       		.byte	64
 235 00d3 14       		.byte	20
 236 00d4 45       		.byte	69
 237 00d5 EC       		.byte	-20
 238 00d6 46       		.byte	70
 239 00d7 02       		.byte	2
 240 00d8 48       		.byte	72
 241 00d9 07       		.byte	7
 242 00da 49       		.byte	73
 243 00db FF       		.byte	-1
 244 00dc 4A       		.byte	74
 245 00dd FF       		.byte	-1
 246 00de 4B       		.byte	75
 247 00df FF       		.byte	-1
 248 00e0 4D       		.byte	77
 249 00e1 83       		.byte	-125
 250 00e2 4E       		.byte	78
 251 00e3 03       		.byte	3
 252 00e4 4F       		.byte	79
 253 00e5 01       		.byte	1
 254 00e6 50       		.byte	80
 255 00e7 18       		.byte	24
 256 00e8 54       		.byte	84
 257 00e9 01       		.byte	1
 258 00ea 58       		.byte	88
 259 00eb 04       		.byte	4
 260 00ec 5A       		.byte	90
 261 00ed 04       		.byte	4
 262 00ee 5B       		.byte	91
 263 00ef 04       		.byte	4
 264 00f0 5F       		.byte	95
 265 00f1 01       		.byte	1
 266 00f2 60       		.byte	96
 267 00f3 40       		.byte	64
 268 00f4 62       		.byte	98
 269 00f5 40       		.byte	64
 270 00f6 64       		.byte	100
 271 00f7 40       		.byte	64
 272 00f8 65       		.byte	101
 273 00f9 40       		.byte	64
 274 00fa 66       		.byte	102
 275 00fb 80       		.byte	-128
 276 00fc 68       		.byte	104
 277 00fd 80       		.byte	-128
 278 00fe 6A       		.byte	106
 279 00ff 80       		.byte	-128
 280 0100 6C       		.byte	108
 281 0101 80       		.byte	-128
 282 0102 6E       		.byte	110
 283 0103 80       		.byte	-128
 284 0104 16       		.byte	22
 285 0105 80       		.byte	-128
ARM GAS  D:\Windows\AppData\Local\Temp\ccYuXeDf.s 			page 6


 286 0106 17       		.byte	23
 287 0107 80       		.byte	-128
 288 0108 1E       		.byte	30
 289 0109 80       		.byte	-128
 290 010a 46       		.byte	70
 291 010b 80       		.byte	-128
 292 010c 47       		.byte	71
 293 010d 80       		.byte	-128
 294 010e 4D       		.byte	77
 295 010f 04       		.byte	4
 296 0110 4F       		.byte	79
 297 0111 01       		.byte	1
 298 0112 56       		.byte	86
 299 0113 80       		.byte	-128
 300 0114 5D       		.byte	93
 301 0115 04       		.byte	4
 302 0116 5E       		.byte	94
 303 0117 80       		.byte	-128
 304 0118 5F       		.byte	95
 305 0119 01       		.byte	1
 306 011a AF       		.byte	-81
 307 011b 20       		.byte	32
 308 011c C4       		.byte	-60
 309 011d 90       		.byte	-112
 310 011e D0       		.byte	-48
 311 011f 90       		.byte	-112
 312 0120 D6       		.byte	-42
 313 0121 D0       		.byte	-48
 314 0122 40       		.byte	64
 315 0123 51       		.byte	81
 316 0124 49       		.byte	73
 317 0125 FF       		.byte	-1
 318 0126 4A       		.byte	74
 319 0127 FF       		.byte	-1
 320 0128 4B       		.byte	75
 321 0129 FF       		.byte	-1
 322 012a 4F       		.byte	79
 323 012b 01       		.byte	1
 324 012c 50       		.byte	80
 325 012d 18       		.byte	24
 326 012e 5A       		.byte	90
 327 012f 04       		.byte	4
 328 0130 5F       		.byte	95
 329 0131 01       		.byte	1
 330 0132 60       		.byte	96
 331 0133 40       		.byte	64
 332 0134 62       		.byte	98
 333 0135 40       		.byte	64
 334 0136 64       		.byte	100
 335 0137 40       		.byte	64
 336 0138 65       		.byte	101
 337 0139 40       		.byte	64
 338 013a 66       		.byte	102
 339 013b 80       		.byte	-128
 340 013c 68       		.byte	104
 341 013d 80       		.byte	-128
 342 013e 6A       		.byte	106
ARM GAS  D:\Windows\AppData\Local\Temp\ccYuXeDf.s 			page 7


 343 013f 80       		.byte	-128
 344 0140 6C       		.byte	108
 345 0141 80       		.byte	-128
 346 0142 6E       		.byte	110
 347 0143 80       		.byte	-128
 348 0144 9E       		.byte	-98
 349 0145 01       		.byte	1
 350 0146 AE       		.byte	-82
 351 0147 01       		.byte	1
 352 0148 B0       		.byte	-80
 353 0149 01       		.byte	1
 354 014a B4       		.byte	-76
 355 014b 01       		.byte	1
 356 014c BE       		.byte	-66
 357 014d 01       		.byte	1
 358 014e C0       		.byte	-64
 359 014f 41       		.byte	65
 360 0150 C5       		.byte	-59
 361 0151 EC       		.byte	-20
 362 0152 C6       		.byte	-58
 363 0153 02       		.byte	2
 364 0154 C8       		.byte	-56
 365 0155 07       		.byte	7
 366 0156 C9       		.byte	-55
 367 0157 FF       		.byte	-1
 368 0158 CA       		.byte	-54
 369 0159 FF       		.byte	-1
 370 015a CB       		.byte	-53
 371 015b FF       		.byte	-1
 372 015c CD       		.byte	-51
 373 015d 83       		.byte	-125
 374 015e CE       		.byte	-50
 375 015f 03       		.byte	3
 376 0160 CF       		.byte	-49
 377 0161 01       		.byte	1
 378 0162 D0       		.byte	-48
 379 0163 18       		.byte	24
 380 0164 D2       		.byte	-46
 381 0165 80       		.byte	-128
 382 0166 D4       		.byte	-44
 383 0167 01       		.byte	1
 384 0168 D8       		.byte	-40
 385 0169 04       		.byte	4
 386 016a DA       		.byte	-38
 387 016b 04       		.byte	4
 388 016c DB       		.byte	-37
 389 016d 04       		.byte	4
 390 016e DF       		.byte	-33
 391 016f 01       		.byte	1
 392 0170 E0       		.byte	-32
 393 0171 40       		.byte	64
 394 0172 E2       		.byte	-30
 395 0173 40       		.byte	64
 396 0174 E4       		.byte	-28
 397 0175 40       		.byte	64
 398 0176 E5       		.byte	-27
 399 0177 40       		.byte	64
ARM GAS  D:\Windows\AppData\Local\Temp\ccYuXeDf.s 			page 8


 400 0178 E6       		.byte	-26
 401 0179 80       		.byte	-128
 402 017a E8       		.byte	-24
 403 017b 80       		.byte	-128
 404 017c EA       		.byte	-22
 405 017d 80       		.byte	-128
 406 017e EC       		.byte	-20
 407 017f 80       		.byte	-128
 408 0180 EE       		.byte	-18
 409 0181 80       		.byte	-128
 410 0182 0D       		.byte	13
 411 0183 80       		.byte	-128
 412 0184 17       		.byte	23
 413 0185 80       		.byte	-128
 414 0186 1E       		.byte	30
 415 0187 80       		.byte	-128
 416 0188 1F       		.byte	31
 417 0189 20       		.byte	32
 418 018a 41       		.byte	65
 419 018b 80       		.byte	-128
 420 018c 45       		.byte	69
 421 018d 80       		.byte	-128
 422 018e 46       		.byte	70
 423 018f 40       		.byte	64
 424 0190 48       		.byte	72
 425 0191 01       		.byte	1
 426 0192 4D       		.byte	77
 427 0193 04       		.byte	4
 428 0194 4F       		.byte	79
 429 0195 01       		.byte	1
 430 0196 55       		.byte	85
 431 0197 80       		.byte	-128
 432 0198 5D       		.byte	93
 433 0199 04       		.byte	4
 434 019a 5E       		.byte	94
 435 019b 80       		.byte	-128
 436 019c 5F       		.byte	95
 437 019d 01       		.byte	1
 438 019e 74       		.byte	116
 439 019f 01       		.byte	1
 440 01a0 76       		.byte	118
 441 01a1 40       		.byte	64
 442 01a2 77       		.byte	119
 443 01a3 80       		.byte	-128
 444 01a4 C2       		.byte	-62
 445 01a5 80       		.byte	-128
 446 01a6 C4       		.byte	-60
 447 01a7 80       		.byte	-128
 448 01a8 D0       		.byte	-48
 449 01a9 98       		.byte	-104
 450 01aa D2       		.byte	-46
 451 01ab 08       		.byte	8
 452 01ac D6       		.byte	-42
 453 01ad D0       		.byte	-48
 454 01ae EA       		.byte	-22
 455 01af 01       		.byte	1
 456 01b0 EA       		.byte	-22
ARM GAS  D:\Windows\AppData\Local\Temp\ccYuXeDf.s 			page 9


 457 01b1 01       		.byte	1
 458 01b2 33       		.byte	51
 459 01b3 20       		.byte	32
 460 01b4 CC       		.byte	-52
 461 01b5 10       		.byte	16
 462 01b6 AF       		.byte	-81
 463 01b7 20       		.byte	32
 464 01b8 EE       		.byte	-18
 465 01b9 10       		.byte	16
 466 01ba 3E       		.byte	62
 467 01bb 10       		.byte	16
 468 01bc CE       		.byte	-50
 469 01bd 20       		.byte	32
 470 01be 96       		.byte	-106
 471 01bf 10       		.byte	16
 472 01c0 08       		.byte	8
 473 01c1 20       		.byte	32
 474 01c2 0C       		.byte	12
 475 01c3 01       		.byte	1
 476 01c4 5B       		.byte	91
 477 01c5 08       		.byte	8
 478 01c6 62       		.byte	98
 479 01c7 10       		.byte	16
 480 01c8 C2       		.byte	-62
 481 01c9 06       		.byte	6
 482 01ca D6       		.byte	-42
 483 01cb 02       		.byte	2
 484 01cc D8       		.byte	-40
 485 01cd 02       		.byte	2
 486 01ce 98       		.byte	-104
 487 01cf 21       		.byte	33
 488 01d0 9E       		.byte	-98
 489 01d1 10       		.byte	16
 490 01d2 9F       		.byte	-97
 491 01d3 08       		.byte	8
 492 01d4 98       		.byte	-104
 493 01d5 21       		.byte	33
 494 01d6 9E       		.byte	-98
 495 01d7 10       		.byte	16
 496 01d8 9F       		.byte	-97
 497 01d9 08       		.byte	8
 498 01da 96       		.byte	-106
 499 01db 10       		.byte	16
 500 01dc AA       		.byte	-86
 501 01dd 10       		.byte	16
 502 01de EA       		.byte	-22
 503 01df 80       		.byte	-128
 504 01e0 13       		.byte	19
 505 01e1 28       		.byte	40
 506 01e2 16       		.byte	22
 507 01e3 10       		.byte	16
 508 01e4 78       		.byte	120
 509 01e5 01       		.byte	1
 510 01e6 7C       		.byte	124
 511 01e7 20       		.byte	32
 512 01e8 98       		.byte	-104
 513 01e9 21       		.byte	33
ARM GAS  D:\Windows\AppData\Local\Temp\ccYuXeDf.s 			page 10


 514 01ea 9E       		.byte	-98
 515 01eb 10       		.byte	16
 516 01ec 9F       		.byte	-97
 517 01ed 08       		.byte	8
 518 01ee C4       		.byte	-60
 519 01ef 0E       		.byte	14
 520 01f0 DE       		.byte	-34
 521 01f1 03       		.byte	3
 522 01f2 AB       		.byte	-85
 523 01f3 20       		.byte	32
 524 01f4 00       		.byte	0
 525 01f5 01       		.byte	1
 526 01f6 0C       		.byte	12
 527 01f7 01       		.byte	1
 528 01f8 0E       		.byte	14
 529 01f9 01       		.byte	1
 530 01fa 00       		.byte	0
 531 01fb 03       		.byte	3
 532 01fc 03       		.byte	3
 533 01fd C0       		.byte	-64
 534 01fe 00       		.byte	0
 535 01ff 00       		.byte	0
 536 0200 00       		.byte	0
 537 0201 0B       		.byte	11
 538 0202 0B       		.byte	11
 539 0203 00       		.byte	0
 540 0204 00       		.byte	0
 541 0205 00       		.byte	0
 542 0206 00       		.byte	0
 543 0207 00       		.byte	0
 544 0208 60       		.byte	96
 545 0209 00       		.byte	0
 546 020a 00       		.byte	0
 547 020b 00       		.byte	0
 548 020c 60       		.byte	96
 549 020d 00       		.byte	0
 550 020e 60       		.byte	96
 551 020f 00       		.byte	0
 552 0210 00       		.byte	0
 553 0211 00       		.byte	0
 554 0212 00       		.byte	0
 555 0213 00       		.byte	0
 556              		.global	cy_meta_custnvl
 557              		.section	.cycustnvl,"a",%progbits
 558              		.align	2
 559              		.type	cy_meta_custnvl, %object
 560              		.size	cy_meta_custnvl, 4
 561              	cy_meta_custnvl:
 562 0000 00       		.byte	0
 563 0001 00       		.byte	0
 564 0002 40       		.byte	64
 565 0003 05       		.byte	5
 566              		.global	cy_meta_wonvl
 567              		.section	.cywolatch,"a",%progbits
 568              		.align	2
 569              		.type	cy_meta_wonvl, %object
 570              		.size	cy_meta_wonvl, 4
ARM GAS  D:\Windows\AppData\Local\Temp\ccYuXeDf.s 			page 11


 571              	cy_meta_wonvl:
 572 0000 BC       		.byte	-68
 573 0001 90       		.byte	-112
 574 0002 AC       		.byte	-84
 575 0003 AF       		.byte	-81
 576              		.global	cy_meta_flashprotect
 577              		.section	.cyflashprotect,"a",%progbits
 578              		.align	2
 579              		.type	cy_meta_flashprotect, %object
 580              		.size	cy_meta_flashprotect, 256
 581              	cy_meta_flashprotect:
 582 0000 00000000 		.space	256
 582      00000000 
 582      00000000 
 582      00000000 
 582      00000000 
 583              		.global	cy_metadata
 584              		.section	.cymeta,"a",%progbits
 585              		.align	2
 586              		.type	cy_metadata, %object
 587              		.size	cy_metadata, 12
 588              	cy_metadata:
 589 0000 00       		.byte	0
 590 0001 01       		.byte	1
 591 0002 2E       		.byte	46
 592 0003 12       		.byte	18
 593 0004 30       		.byte	48
 594 0005 69       		.byte	105
 595 0006 00       		.byte	0
 596 0007 01       		.byte	1
 597 0008 00       		.byte	0
 598 0009 00       		.byte	0
 599 000a 00       		.byte	0
 600 000b 00       		.byte	0
 601              		.text
 602              	.Letext0:
 603              		.file 1 "Generated_Source\\PSoC5\\cymetadata.c"
 604              		.file 2 "Generated_Source\\PSoC5\\cytypes.h"
 605              		.section	.debug_info,"",%progbits
 606              	.Ldebug_info0:
 607 0000 36010000 		.4byte	0x136
 608 0004 0400     		.2byte	0x4
 609 0006 00000000 		.4byte	.Ldebug_abbrev0
 610 000a 04       		.byte	0x4
 611 000b 01       		.uleb128 0x1
 612 000c 00000000 		.4byte	.LASF18
 613 0010 01       		.byte	0x1
 614 0011 CA010000 		.4byte	.LASF19
 615 0015 20010000 		.4byte	.LASF20
 616 0019 00000000 		.4byte	.Ldebug_line0
 617 001d 02       		.uleb128 0x2
 618 001e 01       		.byte	0x1
 619 001f 06       		.byte	0x6
 620 0020 BE010000 		.4byte	.LASF0
 621 0024 02       		.uleb128 0x2
 622 0025 01       		.byte	0x1
 623 0026 08       		.byte	0x8
ARM GAS  D:\Windows\AppData\Local\Temp\ccYuXeDf.s 			page 12


 624 0027 A0000000 		.4byte	.LASF1
 625 002b 02       		.uleb128 0x2
 626 002c 02       		.byte	0x2
 627 002d 05       		.byte	0x5
 628 002e A5010000 		.4byte	.LASF2
 629 0032 02       		.uleb128 0x2
 630 0033 02       		.byte	0x2
 631 0034 07       		.byte	0x7
 632 0035 C0000000 		.4byte	.LASF3
 633 0039 02       		.uleb128 0x2
 634 003a 04       		.byte	0x4
 635 003b 05       		.byte	0x5
 636 003c B5010000 		.4byte	.LASF4
 637 0040 02       		.uleb128 0x2
 638 0041 04       		.byte	0x4
 639 0042 07       		.byte	0x7
 640 0043 AE000000 		.4byte	.LASF5
 641 0047 02       		.uleb128 0x2
 642 0048 08       		.byte	0x8
 643 0049 05       		.byte	0x5
 644 004a 92010000 		.4byte	.LASF6
 645 004e 02       		.uleb128 0x2
 646 004f 08       		.byte	0x8
 647 0050 07       		.byte	0x7
 648 0051 09010000 		.4byte	.LASF7
 649 0055 03       		.uleb128 0x3
 650 0056 04       		.byte	0x4
 651 0057 05       		.byte	0x5
 652 0058 696E7400 		.ascii	"int\000"
 653 005c 02       		.uleb128 0x2
 654 005d 04       		.byte	0x4
 655 005e 07       		.byte	0x7
 656 005f FC000000 		.4byte	.LASF8
 657 0063 04       		.uleb128 0x4
 658 0064 AF010000 		.4byte	.LASF21
 659 0068 02       		.byte	0x2
 660 0069 A1       		.byte	0xa1
 661 006a 24000000 		.4byte	0x24
 662 006e 02       		.uleb128 0x2
 663 006f 04       		.byte	0x4
 664 0070 04       		.byte	0x4
 665 0071 9A000000 		.4byte	.LASF9
 666 0075 02       		.uleb128 0x2
 667 0076 08       		.byte	0x8
 668 0077 04       		.byte	0x4
 669 0078 D3000000 		.4byte	.LASF10
 670 007c 02       		.uleb128 0x2
 671 007d 01       		.byte	0x1
 672 007e 08       		.byte	0x8
 673 007f A0010000 		.4byte	.LASF11
 674 0083 05       		.uleb128 0x5
 675 0084 63000000 		.4byte	0x63
 676 0088 94000000 		.4byte	0x94
 677 008c 06       		.uleb128 0x6
 678 008d 94000000 		.4byte	0x94
 679 0091 1302     		.2byte	0x213
 680 0093 00       		.byte	0
ARM GAS  D:\Windows\AppData\Local\Temp\ccYuXeDf.s 			page 13


 681 0094 02       		.uleb128 0x2
 682 0095 04       		.byte	0x4
 683 0096 07       		.byte	0x7
 684 0097 89010000 		.4byte	.LASF12
 685 009b 07       		.uleb128 0x7
 686 009c EA000000 		.4byte	.LASF13
 687 00a0 01       		.byte	0x1
 688 00a1 1F       		.byte	0x1f
 689 00a2 AC000000 		.4byte	0xac
 690 00a6 05       		.uleb128 0x5
 691 00a7 03       		.byte	0x3
 692 00a8 00000000 		.4byte	cy_meta_configecc
 693 00ac 08       		.uleb128 0x8
 694 00ad 83000000 		.4byte	0x83
 695 00b1 05       		.uleb128 0x5
 696 00b2 63000000 		.4byte	0x63
 697 00b6 C1000000 		.4byte	0xc1
 698 00ba 09       		.uleb128 0x9
 699 00bb 94000000 		.4byte	0x94
 700 00bf 03       		.byte	0x3
 701 00c0 00       		.byte	0
 702 00c1 07       		.uleb128 0x7
 703 00c2 DA000000 		.4byte	.LASF14
 704 00c6 01       		.byte	0x1
 705 00c7 6F       		.byte	0x6f
 706 00c8 D2000000 		.4byte	0xd2
 707 00cc 05       		.uleb128 0x5
 708 00cd 03       		.byte	0x3
 709 00ce 00000000 		.4byte	cy_meta_custnvl
 710 00d2 08       		.uleb128 0x8
 711 00d3 B1000000 		.4byte	0xb1
 712 00d7 07       		.uleb128 0x7
 713 00d8 7B010000 		.4byte	.LASF15
 714 00dc 01       		.byte	0x1
 715 00dd 7D       		.byte	0x7d
 716 00de E8000000 		.4byte	0xe8
 717 00e2 05       		.uleb128 0x5
 718 00e3 03       		.byte	0x3
 719 00e4 00000000 		.4byte	cy_meta_wonvl
 720 00e8 08       		.uleb128 0x8
 721 00e9 B1000000 		.4byte	0xb1
 722 00ed 05       		.uleb128 0x5
 723 00ee 63000000 		.4byte	0x63
 724 00f2 FD000000 		.4byte	0xfd
 725 00f6 09       		.uleb128 0x9
 726 00f7 94000000 		.4byte	0x94
 727 00fb FF       		.byte	0xff
 728 00fc 00       		.byte	0
 729 00fd 07       		.uleb128 0x7
 730 00fe 66010000 		.4byte	.LASF16
 731 0102 01       		.byte	0x1
 732 0103 8B       		.byte	0x8b
 733 0104 0E010000 		.4byte	0x10e
 734 0108 05       		.uleb128 0x5
 735 0109 03       		.byte	0x3
 736 010a 00000000 		.4byte	cy_meta_flashprotect
 737 010e 08       		.uleb128 0x8
ARM GAS  D:\Windows\AppData\Local\Temp\ccYuXeDf.s 			page 14


 738 010f ED000000 		.4byte	0xed
 739 0113 05       		.uleb128 0x5
 740 0114 63000000 		.4byte	0x63
 741 0118 23010000 		.4byte	0x123
 742 011c 09       		.uleb128 0x9
 743 011d 94000000 		.4byte	0x94
 744 0121 0B       		.byte	0xb
 745 0122 00       		.byte	0
 746 0123 07       		.uleb128 0x7
 747 0124 8E000000 		.4byte	.LASF17
 748 0128 01       		.byte	0x1
 749 0129 B8       		.byte	0xb8
 750 012a 34010000 		.4byte	0x134
 751 012e 05       		.uleb128 0x5
 752 012f 03       		.byte	0x3
 753 0130 00000000 		.4byte	cy_metadata
 754 0134 08       		.uleb128 0x8
 755 0135 13010000 		.4byte	0x113
 756 0139 00       		.byte	0
 757              		.section	.debug_abbrev,"",%progbits
 758              	.Ldebug_abbrev0:
 759 0000 01       		.uleb128 0x1
 760 0001 11       		.uleb128 0x11
 761 0002 01       		.byte	0x1
 762 0003 25       		.uleb128 0x25
 763 0004 0E       		.uleb128 0xe
 764 0005 13       		.uleb128 0x13
 765 0006 0B       		.uleb128 0xb
 766 0007 03       		.uleb128 0x3
 767 0008 0E       		.uleb128 0xe
 768 0009 1B       		.uleb128 0x1b
 769 000a 0E       		.uleb128 0xe
 770 000b 10       		.uleb128 0x10
 771 000c 17       		.uleb128 0x17
 772 000d 00       		.byte	0
 773 000e 00       		.byte	0
 774 000f 02       		.uleb128 0x2
 775 0010 24       		.uleb128 0x24
 776 0011 00       		.byte	0
 777 0012 0B       		.uleb128 0xb
 778 0013 0B       		.uleb128 0xb
 779 0014 3E       		.uleb128 0x3e
 780 0015 0B       		.uleb128 0xb
 781 0016 03       		.uleb128 0x3
 782 0017 0E       		.uleb128 0xe
 783 0018 00       		.byte	0
 784 0019 00       		.byte	0
 785 001a 03       		.uleb128 0x3
 786 001b 24       		.uleb128 0x24
 787 001c 00       		.byte	0
 788 001d 0B       		.uleb128 0xb
 789 001e 0B       		.uleb128 0xb
 790 001f 3E       		.uleb128 0x3e
 791 0020 0B       		.uleb128 0xb
 792 0021 03       		.uleb128 0x3
 793 0022 08       		.uleb128 0x8
 794 0023 00       		.byte	0
ARM GAS  D:\Windows\AppData\Local\Temp\ccYuXeDf.s 			page 15


 795 0024 00       		.byte	0
 796 0025 04       		.uleb128 0x4
 797 0026 16       		.uleb128 0x16
 798 0027 00       		.byte	0
 799 0028 03       		.uleb128 0x3
 800 0029 0E       		.uleb128 0xe
 801 002a 3A       		.uleb128 0x3a
 802 002b 0B       		.uleb128 0xb
 803 002c 3B       		.uleb128 0x3b
 804 002d 0B       		.uleb128 0xb
 805 002e 49       		.uleb128 0x49
 806 002f 13       		.uleb128 0x13
 807 0030 00       		.byte	0
 808 0031 00       		.byte	0
 809 0032 05       		.uleb128 0x5
 810 0033 01       		.uleb128 0x1
 811 0034 01       		.byte	0x1
 812 0035 49       		.uleb128 0x49
 813 0036 13       		.uleb128 0x13
 814 0037 01       		.uleb128 0x1
 815 0038 13       		.uleb128 0x13
 816 0039 00       		.byte	0
 817 003a 00       		.byte	0
 818 003b 06       		.uleb128 0x6
 819 003c 21       		.uleb128 0x21
 820 003d 00       		.byte	0
 821 003e 49       		.uleb128 0x49
 822 003f 13       		.uleb128 0x13
 823 0040 2F       		.uleb128 0x2f
 824 0041 05       		.uleb128 0x5
 825 0042 00       		.byte	0
 826 0043 00       		.byte	0
 827 0044 07       		.uleb128 0x7
 828 0045 34       		.uleb128 0x34
 829 0046 00       		.byte	0
 830 0047 03       		.uleb128 0x3
 831 0048 0E       		.uleb128 0xe
 832 0049 3A       		.uleb128 0x3a
 833 004a 0B       		.uleb128 0xb
 834 004b 3B       		.uleb128 0x3b
 835 004c 0B       		.uleb128 0xb
 836 004d 49       		.uleb128 0x49
 837 004e 13       		.uleb128 0x13
 838 004f 3F       		.uleb128 0x3f
 839 0050 19       		.uleb128 0x19
 840 0051 02       		.uleb128 0x2
 841 0052 18       		.uleb128 0x18
 842 0053 00       		.byte	0
 843 0054 00       		.byte	0
 844 0055 08       		.uleb128 0x8
 845 0056 26       		.uleb128 0x26
 846 0057 00       		.byte	0
 847 0058 49       		.uleb128 0x49
 848 0059 13       		.uleb128 0x13
 849 005a 00       		.byte	0
 850 005b 00       		.byte	0
 851 005c 09       		.uleb128 0x9
ARM GAS  D:\Windows\AppData\Local\Temp\ccYuXeDf.s 			page 16


 852 005d 21       		.uleb128 0x21
 853 005e 00       		.byte	0
 854 005f 49       		.uleb128 0x49
 855 0060 13       		.uleb128 0x13
 856 0061 2F       		.uleb128 0x2f
 857 0062 0B       		.uleb128 0xb
 858 0063 00       		.byte	0
 859 0064 00       		.byte	0
 860 0065 00       		.byte	0
 861              		.section	.debug_aranges,"",%progbits
 862 0000 14000000 		.4byte	0x14
 863 0004 0200     		.2byte	0x2
 864 0006 00000000 		.4byte	.Ldebug_info0
 865 000a 04       		.byte	0x4
 866 000b 00       		.byte	0
 867 000c 0000     		.2byte	0
 868 000e 0000     		.2byte	0
 869 0010 00000000 		.4byte	0
 870 0014 00000000 		.4byte	0
 871              		.section	.debug_line,"",%progbits
 872              	.Ldebug_line0:
 873 0000 4D000000 		.section	.debug_str,"MS",%progbits,1
 873      02004700 
 873      00000201 
 873      FB0E0D00 
 873      01010101 
 874              	.LASF18:
 875 0000 474E5520 		.ascii	"GNU C 4.9.3 20150303 (release) [ARM/embedded-4_9-br"
 875      4320342E 
 875      392E3320 
 875      32303135 
 875      30333033 
 876 0033 616E6368 		.ascii	"anch revision 221220] -mcpu=cortex-m3 -mthumb -g -O"
 876      20726576 
 876      6973696F 
 876      6E203232 
 876      31323230 
 877 0066 30202D66 		.ascii	"0 -ffunction-sections -ffat-lto-objects\000"
 877      66756E63 
 877      74696F6E 
 877      2D736563 
 877      74696F6E 
 878              	.LASF17:
 879 008e 63795F6D 		.ascii	"cy_metadata\000"
 879      65746164 
 879      61746100 
 880              	.LASF9:
 881 009a 666C6F61 		.ascii	"float\000"
 881      7400
 882              	.LASF1:
 883 00a0 756E7369 		.ascii	"unsigned char\000"
 883      676E6564 
 883      20636861 
 883      7200
 884              	.LASF5:
 885 00ae 6C6F6E67 		.ascii	"long unsigned int\000"
 885      20756E73 
ARM GAS  D:\Windows\AppData\Local\Temp\ccYuXeDf.s 			page 17


 885      69676E65 
 885      6420696E 
 885      7400
 886              	.LASF3:
 887 00c0 73686F72 		.ascii	"short unsigned int\000"
 887      7420756E 
 887      7369676E 
 887      65642069 
 887      6E7400
 888              	.LASF10:
 889 00d3 646F7562 		.ascii	"double\000"
 889      6C6500
 890              	.LASF14:
 891 00da 63795F6D 		.ascii	"cy_meta_custnvl\000"
 891      6574615F 
 891      63757374 
 891      6E766C00 
 892              	.LASF13:
 893 00ea 63795F6D 		.ascii	"cy_meta_configecc\000"
 893      6574615F 
 893      636F6E66 
 893      69676563 
 893      6300
 894              	.LASF8:
 895 00fc 756E7369 		.ascii	"unsigned int\000"
 895      676E6564 
 895      20696E74 
 895      00
 896              	.LASF7:
 897 0109 6C6F6E67 		.ascii	"long long unsigned int\000"
 897      206C6F6E 
 897      6720756E 
 897      7369676E 
 897      65642069 
 898              	.LASF20:
 899 0120 443A5C44 		.ascii	"D:\\Downloads\\FRUCD\\Node-Beaver\\Node-Beaver\\Nod"
 899      6F776E6C 
 899      6F616473 
 899      5C465255 
 899      43445C4E 
 900 014e 652D4265 		.ascii	"e-Beaver_time-set.cydsn\000"
 900      61766572 
 900      5F74696D 
 900      652D7365 
 900      742E6379 
 901              	.LASF16:
 902 0166 63795F6D 		.ascii	"cy_meta_flashprotect\000"
 902      6574615F 
 902      666C6173 
 902      6870726F 
 902      74656374 
 903              	.LASF15:
 904 017b 63795F6D 		.ascii	"cy_meta_wonvl\000"
 904      6574615F 
 904      776F6E76 
 904      6C00
 905              	.LASF12:
ARM GAS  D:\Windows\AppData\Local\Temp\ccYuXeDf.s 			page 18


 906 0189 73697A65 		.ascii	"sizetype\000"
 906      74797065 
 906      00
 907              	.LASF6:
 908 0192 6C6F6E67 		.ascii	"long long int\000"
 908      206C6F6E 
 908      6720696E 
 908      7400
 909              	.LASF11:
 910 01a0 63686172 		.ascii	"char\000"
 910      00
 911              	.LASF2:
 912 01a5 73686F72 		.ascii	"short int\000"
 912      7420696E 
 912      7400
 913              	.LASF21:
 914 01af 75696E74 		.ascii	"uint8\000"
 914      3800
 915              	.LASF4:
 916 01b5 6C6F6E67 		.ascii	"long int\000"
 916      20696E74 
 916      00
 917              	.LASF0:
 918 01be 7369676E 		.ascii	"signed char\000"
 918      65642063 
 918      68617200 
 919              	.LASF19:
 920 01ca 47656E65 		.ascii	"Generated_Source\\PSoC5\\cymetadata.c\000"
 920      72617465 
 920      645F536F 
 920      75726365 
 920      5C50536F 
 921              		.ident	"GCC: (GNU Tools for ARM Embedded Processors) 4.9.3 20150303 (release) [ARM/embedded-4_9-br
