ARM GAS  D:\Windows\AppData\Local\Temp\cctkKzkj.s 			page 1


   1              		.syntax unified
   2              		.cpu cortex-m3
   3              		.fpu softvfp
   4              		.eabi_attribute 20, 1
   5              		.eabi_attribute 21, 1
   6              		.eabi_attribute 23, 3
   7              		.eabi_attribute 24, 1
   8              		.eabi_attribute 25, 1
   9              		.eabi_attribute 26, 1
  10              		.eabi_attribute 30, 6
  11              		.eabi_attribute 34, 1
  12              		.eabi_attribute 18, 4
  13              		.thumb
  14              		.file	"main.c"
  15              		.text
  16              	.Ltext0:
  17              		.cfi_sections	.debug_frame
  18              		.section	.text.main,"ax",%progbits
  19              		.align	2
  20              		.global	main
  21              		.thumb
  22              		.thumb_func
  23              		.type	main, %function
  24              	main:
  25              	.LFB56:
  26              		.file 1 "main.c"
   1:main.c        **** 
   2:main.c        **** /* Node-Beaver
   3:main.c        **** 	This node logs data via CAN and presents the data to the outside world.
   4:main.c        ****  */
   5:main.c        **** 
   6:main.c        **** #include <project.h>
   7:main.c        **** #include <time.h>
   8:main.c        **** #include "time_manager.h"
   9:main.c        **** 
  10:main.c        **** 
  11:main.c        **** int main(void) {
  27              		.loc 1 11 0
  28              		.cfi_startproc
  29              		@ args = 0, pretend = 0, frame = 24
  30              		@ frame_needed = 1, uses_anonymous_args = 0
  31 0000 80B5     		push	{r7, lr}
  32              		.cfi_def_cfa_offset 8
  33              		.cfi_offset 7, -8
  34              		.cfi_offset 14, -4
  35 0002 86B0     		sub	sp, sp, #24
  36              		.cfi_def_cfa_offset 32
  37 0004 00AF     		add	r7, sp, #0
  38              		.cfi_def_cfa_register 7
  12:main.c        **** 	CYGlobalIntEnable;      //Uncomment this line to enable global interrupts
  39              		.loc 1 12 0
  40              	@ 12 "main.c" 1
  41 0006 62B6     		CPSIE   i
  42              	@ 0 "" 2
  13:main.c        ****     
  14:main.c        ****     time_t rawtime;
  15:main.c        ****     struct tm * time_cur;
ARM GAS  D:\Windows\AppData\Local\Temp\cctkKzkj.s 			page 2


  16:main.c        ****     Time now;
  17:main.c        ****     
  18:main.c        **** 	time_init();  //init everything
  43              		.loc 1 18 0
  44              		.thumb
  45 0008 FFF7FEFF 		bl	time_init
  19:main.c        ****     time(&rawtime);
  46              		.loc 1 19 0
  47 000c 07F11003 		add	r3, r7, #16
  48 0010 1846     		mov	r0, r3
  49 0012 FFF7FEFF 		bl	time
  20:main.c        ****     time_cur = localtime(&rawtime);
  50              		.loc 1 20 0
  51 0016 07F11003 		add	r3, r7, #16
  52 001a 1846     		mov	r0, r3
  53 001c FFF7FEFF 		bl	localtime
  54 0020 7861     		str	r0, [r7, #20]
  21:main.c        ****     
  22:main.c        ****     
  23:main.c        ****     /*//using time.h
  24:main.c        ****     now.year = (uint16_t) time_cur->tm_year - 100;  //since 1900
  25:main.c        ****     now.month = (uint8_t) time_cur->tm_mon;
  26:main.c        ****     now.day   = (uint8_t) time_cur->tm_mday;
  27:main.c        ****     now.hour  = (uint8_t)  time_cur->tm_hour;
  28:main.c        ****     now.minute = (uint8_t) time_cur->tm_min;
  29:main.c        ****     now.second = (uint8_t) time_cur->tm_sec;
  30:main.c        ****     */
  31:main.c        ****     
  32:main.c        ****     //manual time input
  33:main.c        ****     now.year = 0x11;      //RTC only holds 2 digit years 20XX
  55              		.loc 1 33 0
  56 0022 1123     		movs	r3, #17
  57 0024 BB81     		strh	r3, [r7, #12]	@ movhi
  34:main.c        ****     now.month = 0x02;
  58              		.loc 1 34 0
  59 0026 0223     		movs	r3, #2
  60 0028 3B70     		strb	r3, [r7]
  35:main.c        ****     now.day   = 0x18;
  61              		.loc 1 35 0
  62 002a 1823     		movs	r3, #24
  63 002c 7B70     		strb	r3, [r7, #1]
  36:main.c        ****     now.hour  = 0x0A;       //24hour time
  64              		.loc 1 36 0
  65 002e 0A23     		movs	r3, #10
  66 0030 BB70     		strb	r3, [r7, #2]
  37:main.c        ****     now.minute = 0x2D;
  67              		.loc 1 37 0
  68 0032 2D23     		movs	r3, #45
  69 0034 FB70     		strb	r3, [r7, #3]
  38:main.c        ****     now.second = 0x00;
  70              		.loc 1 38 0
  71 0036 0023     		movs	r3, #0
  72 0038 3B71     		strb	r3, [r7, #4]
  39:main.c        ****     
  40:main.c        ****     time_set(now);
  73              		.loc 1 40 0
  74 003a 3B46     		mov	r3, r7
ARM GAS  D:\Windows\AppData\Local\Temp\cctkKzkj.s 			page 3


  75 003c 0FCB     		ldmia	r3, {r0, r1, r2, r3}
  76 003e FFF7FEFF 		bl	time_set
  77              	.L2:
  41:main.c        **** 	for(;;)	{
  42:main.c        ****         time_announce();
  78              		.loc 1 42 0 discriminator 1
  79 0042 FFF7FEFF 		bl	time_announce
  43:main.c        **** 		CyDelay(1000);                 //refresh intervaal
  80              		.loc 1 43 0 discriminator 1
  81 0046 4FF47A70 		mov	r0, #1000
  82 004a FFF7FEFF 		bl	CyDelay
  44:main.c        **** 	} // main loop
  83              		.loc 1 44 0 discriminator 1
  84 004e F8E7     		b	.L2
  85              		.cfi_endproc
  86              	.LFE56:
  87              		.size	main, .-main
  88              		.text
  89              	.Letext0:
  90              		.file 2 "d:\\programming\\cypress\\psoc creator\\4.0\\psoc creator\\import\\gnu\\arm\\4.9.3\\arm-n
  91              		.file 3 "d:\\programming\\cypress\\psoc creator\\4.0\\psoc creator\\import\\gnu\\arm\\4.9.3\\arm-n
  92              		.file 4 "d:\\programming\\cypress\\psoc creator\\4.0\\psoc creator\\import\\gnu\\arm\\4.9.3\\arm-n
  93              		.file 5 "d:\\programming\\cypress\\psoc creator\\4.0\\psoc creator\\import\\gnu\\arm\\4.9.3\\arm-n
  94              		.file 6 "time_manager.h"
  95              		.file 7 "Generated_Source\\PSoC5/core_cm3.h"
  96              		.section	.debug_info,"",%progbits
  97              	.Ldebug_info0:
  98 0000 22020000 		.4byte	0x222
  99 0004 0400     		.2byte	0x4
 100 0006 00000000 		.4byte	.Ldebug_abbrev0
 101 000a 04       		.byte	0x4
 102 000b 01       		.uleb128 0x1
 103 000c 72000000 		.4byte	.LASF40
 104 0010 01       		.byte	0x1
 105 0011 0D020000 		.4byte	.LASF41
 106 0015 13000000 		.4byte	.LASF42
 107 0019 00000000 		.4byte	.Ldebug_ranges0+0
 108 001d 00000000 		.4byte	0
 109 0021 00000000 		.4byte	.Ldebug_line0
 110 0025 02       		.uleb128 0x2
 111 0026 01       		.byte	0x1
 112 0027 06       		.byte	0x6
 113 0028 4D020000 		.4byte	.LASF0
 114 002c 03       		.uleb128 0x3
 115 002d 00000000 		.4byte	.LASF3
 116 0031 02       		.byte	0x2
 117 0032 1D       		.byte	0x1d
 118 0033 37000000 		.4byte	0x37
 119 0037 02       		.uleb128 0x2
 120 0038 01       		.byte	0x1
 121 0039 08       		.byte	0x8
 122 003a 29010000 		.4byte	.LASF1
 123 003e 02       		.uleb128 0x2
 124 003f 02       		.byte	0x2
 125 0040 05       		.byte	0x5
 126 0041 20020000 		.4byte	.LASF2
 127 0045 03       		.uleb128 0x3
ARM GAS  D:\Windows\AppData\Local\Temp\cctkKzkj.s 			page 4


 128 0046 80010000 		.4byte	.LASF4
 129 004a 02       		.byte	0x2
 130 004b 2B       		.byte	0x2b
 131 004c 50000000 		.4byte	0x50
 132 0050 02       		.uleb128 0x2
 133 0051 02       		.byte	0x2
 134 0052 07       		.byte	0x7
 135 0053 54010000 		.4byte	.LASF5
 136 0057 03       		.uleb128 0x3
 137 0058 59000000 		.4byte	.LASF6
 138 005c 02       		.byte	0x2
 139 005d 3F       		.byte	0x3f
 140 005e 62000000 		.4byte	0x62
 141 0062 02       		.uleb128 0x2
 142 0063 04       		.byte	0x4
 143 0064 05       		.byte	0x5
 144 0065 44020000 		.4byte	.LASF7
 145 0069 03       		.uleb128 0x3
 146 006a 37010000 		.4byte	.LASF8
 147 006e 02       		.byte	0x2
 148 006f 41       		.byte	0x41
 149 0070 74000000 		.4byte	0x74
 150 0074 02       		.uleb128 0x2
 151 0075 04       		.byte	0x4
 152 0076 07       		.byte	0x7
 153 0077 42010000 		.4byte	.LASF9
 154 007b 02       		.uleb128 0x2
 155 007c 08       		.byte	0x8
 156 007d 05       		.byte	0x5
 157 007e FF010000 		.4byte	.LASF10
 158 0082 02       		.uleb128 0x2
 159 0083 08       		.byte	0x8
 160 0084 07       		.byte	0x7
 161 0085 BE010000 		.4byte	.LASF11
 162 0089 04       		.uleb128 0x4
 163 008a 04       		.byte	0x4
 164 008b 05       		.byte	0x5
 165 008c 696E7400 		.ascii	"int\000"
 166 0090 02       		.uleb128 0x2
 167 0091 04       		.byte	0x4
 168 0092 07       		.byte	0x7
 169 0093 B1010000 		.4byte	.LASF12
 170 0097 03       		.uleb128 0x3
 171 0098 D5010000 		.4byte	.LASF13
 172 009c 03       		.byte	0x3
 173 009d 15       		.byte	0x15
 174 009e 2C000000 		.4byte	0x2c
 175 00a2 03       		.uleb128 0x3
 176 00a3 2A020000 		.4byte	.LASF14
 177 00a7 03       		.byte	0x3
 178 00a8 21       		.byte	0x21
 179 00a9 45000000 		.4byte	0x45
 180 00ad 03       		.uleb128 0x3
 181 00ae EE010000 		.4byte	.LASF15
 182 00b2 03       		.byte	0x3
 183 00b3 2C       		.byte	0x2c
 184 00b4 57000000 		.4byte	0x57
ARM GAS  D:\Windows\AppData\Local\Temp\cctkKzkj.s 			page 5


 185 00b8 03       		.uleb128 0x3
 186 00b9 3B020000 		.4byte	.LASF16
 187 00bd 03       		.byte	0x3
 188 00be 2D       		.byte	0x2d
 189 00bf 69000000 		.4byte	0x69
 190 00c3 02       		.uleb128 0x2
 191 00c4 04       		.byte	0x4
 192 00c5 04       		.byte	0x4
 193 00c6 23010000 		.4byte	.LASF17
 194 00ca 02       		.uleb128 0x2
 195 00cb 08       		.byte	0x8
 196 00cc 04       		.byte	0x4
 197 00cd 8B010000 		.4byte	.LASF18
 198 00d1 02       		.uleb128 0x2
 199 00d2 01       		.byte	0x1
 200 00d3 08       		.byte	0x8
 201 00d4 14020000 		.4byte	.LASF19
 202 00d8 02       		.uleb128 0x2
 203 00d9 04       		.byte	0x4
 204 00da 07       		.byte	0x7
 205 00db F6010000 		.4byte	.LASF20
 206 00df 03       		.uleb128 0x3
 207 00e0 DD010000 		.4byte	.LASF21
 208 00e4 04       		.byte	0x4
 209 00e5 7A       		.byte	0x7a
 210 00e6 62000000 		.4byte	0x62
 211 00ea 05       		.uleb128 0x5
 212 00eb 746D00   		.ascii	"tm\000"
 213 00ee 24       		.byte	0x24
 214 00ef 05       		.byte	0x5
 215 00f0 1F       		.byte	0x1f
 216 00f1 62010000 		.4byte	0x162
 217 00f5 06       		.uleb128 0x6
 218 00f6 99010000 		.4byte	.LASF22
 219 00fa 05       		.byte	0x5
 220 00fb 21       		.byte	0x21
 221 00fc 89000000 		.4byte	0x89
 222 0100 00       		.byte	0
 223 0101 06       		.uleb128 0x6
 224 0102 92010000 		.4byte	.LASF23
 225 0106 05       		.byte	0x5
 226 0107 22       		.byte	0x22
 227 0108 89000000 		.4byte	0x89
 228 010c 04       		.byte	0x4
 229 010d 06       		.uleb128 0x6
 230 010e 1B010000 		.4byte	.LASF24
 231 0112 05       		.byte	0x5
 232 0113 23       		.byte	0x23
 233 0114 89000000 		.4byte	0x89
 234 0118 08       		.byte	0x8
 235 0119 06       		.uleb128 0x6
 236 011a 5E020000 		.4byte	.LASF25
 237 011e 05       		.byte	0x5
 238 011f 24       		.byte	0x24
 239 0120 89000000 		.4byte	0x89
 240 0124 0C       		.byte	0xc
 241 0125 06       		.uleb128 0x6
ARM GAS  D:\Windows\AppData\Local\Temp\cctkKzkj.s 			page 6


 242 0126 19020000 		.4byte	.LASF26
 243 012a 05       		.byte	0x5
 244 012b 25       		.byte	0x25
 245 012c 89000000 		.4byte	0x89
 246 0130 10       		.byte	0x10
 247 0131 06       		.uleb128 0x6
 248 0132 33020000 		.4byte	.LASF27
 249 0136 05       		.byte	0x5
 250 0137 26       		.byte	0x26
 251 0138 89000000 		.4byte	0x89
 252 013c 14       		.byte	0x14
 253 013d 06       		.uleb128 0x6
 254 013e 6A000000 		.4byte	.LASF28
 255 0142 05       		.byte	0x5
 256 0143 27       		.byte	0x27
 257 0144 89000000 		.4byte	0x89
 258 0148 18       		.byte	0x18
 259 0149 06       		.uleb128 0x6
 260 014a A9010000 		.4byte	.LASF29
 261 014e 05       		.byte	0x5
 262 014f 28       		.byte	0x28
 263 0150 89000000 		.4byte	0x89
 264 0154 1C       		.byte	0x1c
 265 0155 06       		.uleb128 0x6
 266 0156 A0010000 		.4byte	.LASF30
 267 015a 05       		.byte	0x5
 268 015b 29       		.byte	0x29
 269 015c 89000000 		.4byte	0x89
 270 0160 20       		.byte	0x20
 271 0161 00       		.byte	0
 272 0162 07       		.uleb128 0x7
 273 0163 10       		.byte	0x10
 274 0164 06       		.byte	0x6
 275 0165 1C       		.byte	0x1c
 276 0166 BF010000 		.4byte	0x1bf
 277 016a 06       		.uleb128 0x6
 278 016b 08010000 		.4byte	.LASF31
 279 016f 06       		.byte	0x6
 280 0170 1D       		.byte	0x1d
 281 0171 97000000 		.4byte	0x97
 282 0175 00       		.byte	0
 283 0176 08       		.uleb128 0x8
 284 0177 64617900 		.ascii	"day\000"
 285 017b 06       		.byte	0x6
 286 017c 1D       		.byte	0x1d
 287 017d 97000000 		.4byte	0x97
 288 0181 01       		.byte	0x1
 289 0182 06       		.uleb128 0x6
 290 0183 E4010000 		.4byte	.LASF32
 291 0187 06       		.byte	0x6
 292 0188 1D       		.byte	0x1d
 293 0189 97000000 		.4byte	0x97
 294 018d 02       		.byte	0x2
 295 018e 06       		.uleb128 0x6
 296 018f 63000000 		.4byte	.LASF33
 297 0193 06       		.byte	0x6
 298 0194 1D       		.byte	0x1d
ARM GAS  D:\Windows\AppData\Local\Temp\cctkKzkj.s 			page 7


 299 0195 97000000 		.4byte	0x97
 300 0199 03       		.byte	0x3
 301 019a 06       		.uleb128 0x6
 302 019b 74010000 		.4byte	.LASF34
 303 019f 06       		.byte	0x6
 304 01a0 1D       		.byte	0x1d
 305 01a1 97000000 		.4byte	0x97
 306 01a5 04       		.byte	0x4
 307 01a6 06       		.uleb128 0x6
 308 01a7 0E010000 		.4byte	.LASF35
 309 01ab 06       		.byte	0x6
 310 01ac 1E       		.byte	0x1e
 311 01ad B8000000 		.4byte	0xb8
 312 01b1 08       		.byte	0x8
 313 01b2 06       		.uleb128 0x6
 314 01b3 7B010000 		.4byte	.LASF36
 315 01b7 06       		.byte	0x6
 316 01b8 1F       		.byte	0x1f
 317 01b9 A2000000 		.4byte	0xa2
 318 01bd 0C       		.byte	0xc
 319 01be 00       		.byte	0
 320 01bf 03       		.uleb128 0x3
 321 01c0 59020000 		.4byte	.LASF37
 322 01c4 06       		.byte	0x6
 323 01c5 20       		.byte	0x20
 324 01c6 62010000 		.4byte	0x162
 325 01ca 09       		.uleb128 0x9
 326 01cb E9010000 		.4byte	.LASF43
 327 01cf 01       		.byte	0x1
 328 01d0 0B       		.byte	0xb
 329 01d1 89000000 		.4byte	0x89
 330 01d5 00000000 		.4byte	.LFB56
 331 01d9 50000000 		.4byte	.LFE56-.LFB56
 332 01dd 01       		.uleb128 0x1
 333 01de 9C       		.byte	0x9c
 334 01df 0E020000 		.4byte	0x20e
 335 01e3 0A       		.uleb128 0xa
 336 01e4 00010000 		.4byte	.LASF38
 337 01e8 01       		.byte	0x1
 338 01e9 0E       		.byte	0xe
 339 01ea DF000000 		.4byte	0xdf
 340 01ee 02       		.uleb128 0x2
 341 01ef 91       		.byte	0x91
 342 01f0 70       		.sleb128 -16
 343 01f1 0A       		.uleb128 0xa
 344 01f2 0A000000 		.4byte	.LASF39
 345 01f6 01       		.byte	0x1
 346 01f7 0F       		.byte	0xf
 347 01f8 0E020000 		.4byte	0x20e
 348 01fc 02       		.uleb128 0x2
 349 01fd 91       		.byte	0x91
 350 01fe 74       		.sleb128 -12
 351 01ff 0B       		.uleb128 0xb
 352 0200 6E6F7700 		.ascii	"now\000"
 353 0204 01       		.byte	0x1
 354 0205 10       		.byte	0x10
 355 0206 BF010000 		.4byte	0x1bf
ARM GAS  D:\Windows\AppData\Local\Temp\cctkKzkj.s 			page 8


 356 020a 02       		.uleb128 0x2
 357 020b 91       		.byte	0x91
 358 020c 60       		.sleb128 -32
 359 020d 00       		.byte	0
 360 020e 0C       		.uleb128 0xc
 361 020f 04       		.byte	0x4
 362 0210 EA000000 		.4byte	0xea
 363 0214 0D       		.uleb128 0xd
 364 0215 67010000 		.4byte	.LASF44
 365 0219 07       		.byte	0x7
 366 021a 1606     		.2byte	0x616
 367 021c 20020000 		.4byte	0x220
 368 0220 0E       		.uleb128 0xe
 369 0221 AD000000 		.4byte	0xad
 370 0225 00       		.byte	0
 371              		.section	.debug_abbrev,"",%progbits
 372              	.Ldebug_abbrev0:
 373 0000 01       		.uleb128 0x1
 374 0001 11       		.uleb128 0x11
 375 0002 01       		.byte	0x1
 376 0003 25       		.uleb128 0x25
 377 0004 0E       		.uleb128 0xe
 378 0005 13       		.uleb128 0x13
 379 0006 0B       		.uleb128 0xb
 380 0007 03       		.uleb128 0x3
 381 0008 0E       		.uleb128 0xe
 382 0009 1B       		.uleb128 0x1b
 383 000a 0E       		.uleb128 0xe
 384 000b 55       		.uleb128 0x55
 385 000c 17       		.uleb128 0x17
 386 000d 11       		.uleb128 0x11
 387 000e 01       		.uleb128 0x1
 388 000f 10       		.uleb128 0x10
 389 0010 17       		.uleb128 0x17
 390 0011 00       		.byte	0
 391 0012 00       		.byte	0
 392 0013 02       		.uleb128 0x2
 393 0014 24       		.uleb128 0x24
 394 0015 00       		.byte	0
 395 0016 0B       		.uleb128 0xb
 396 0017 0B       		.uleb128 0xb
 397 0018 3E       		.uleb128 0x3e
 398 0019 0B       		.uleb128 0xb
 399 001a 03       		.uleb128 0x3
 400 001b 0E       		.uleb128 0xe
 401 001c 00       		.byte	0
 402 001d 00       		.byte	0
 403 001e 03       		.uleb128 0x3
 404 001f 16       		.uleb128 0x16
 405 0020 00       		.byte	0
 406 0021 03       		.uleb128 0x3
 407 0022 0E       		.uleb128 0xe
 408 0023 3A       		.uleb128 0x3a
 409 0024 0B       		.uleb128 0xb
 410 0025 3B       		.uleb128 0x3b
 411 0026 0B       		.uleb128 0xb
 412 0027 49       		.uleb128 0x49
ARM GAS  D:\Windows\AppData\Local\Temp\cctkKzkj.s 			page 9


 413 0028 13       		.uleb128 0x13
 414 0029 00       		.byte	0
 415 002a 00       		.byte	0
 416 002b 04       		.uleb128 0x4
 417 002c 24       		.uleb128 0x24
 418 002d 00       		.byte	0
 419 002e 0B       		.uleb128 0xb
 420 002f 0B       		.uleb128 0xb
 421 0030 3E       		.uleb128 0x3e
 422 0031 0B       		.uleb128 0xb
 423 0032 03       		.uleb128 0x3
 424 0033 08       		.uleb128 0x8
 425 0034 00       		.byte	0
 426 0035 00       		.byte	0
 427 0036 05       		.uleb128 0x5
 428 0037 13       		.uleb128 0x13
 429 0038 01       		.byte	0x1
 430 0039 03       		.uleb128 0x3
 431 003a 08       		.uleb128 0x8
 432 003b 0B       		.uleb128 0xb
 433 003c 0B       		.uleb128 0xb
 434 003d 3A       		.uleb128 0x3a
 435 003e 0B       		.uleb128 0xb
 436 003f 3B       		.uleb128 0x3b
 437 0040 0B       		.uleb128 0xb
 438 0041 01       		.uleb128 0x1
 439 0042 13       		.uleb128 0x13
 440 0043 00       		.byte	0
 441 0044 00       		.byte	0
 442 0045 06       		.uleb128 0x6
 443 0046 0D       		.uleb128 0xd
 444 0047 00       		.byte	0
 445 0048 03       		.uleb128 0x3
 446 0049 0E       		.uleb128 0xe
 447 004a 3A       		.uleb128 0x3a
 448 004b 0B       		.uleb128 0xb
 449 004c 3B       		.uleb128 0x3b
 450 004d 0B       		.uleb128 0xb
 451 004e 49       		.uleb128 0x49
 452 004f 13       		.uleb128 0x13
 453 0050 38       		.uleb128 0x38
 454 0051 0B       		.uleb128 0xb
 455 0052 00       		.byte	0
 456 0053 00       		.byte	0
 457 0054 07       		.uleb128 0x7
 458 0055 13       		.uleb128 0x13
 459 0056 01       		.byte	0x1
 460 0057 0B       		.uleb128 0xb
 461 0058 0B       		.uleb128 0xb
 462 0059 3A       		.uleb128 0x3a
 463 005a 0B       		.uleb128 0xb
 464 005b 3B       		.uleb128 0x3b
 465 005c 0B       		.uleb128 0xb
 466 005d 01       		.uleb128 0x1
 467 005e 13       		.uleb128 0x13
 468 005f 00       		.byte	0
 469 0060 00       		.byte	0
ARM GAS  D:\Windows\AppData\Local\Temp\cctkKzkj.s 			page 10


 470 0061 08       		.uleb128 0x8
 471 0062 0D       		.uleb128 0xd
 472 0063 00       		.byte	0
 473 0064 03       		.uleb128 0x3
 474 0065 08       		.uleb128 0x8
 475 0066 3A       		.uleb128 0x3a
 476 0067 0B       		.uleb128 0xb
 477 0068 3B       		.uleb128 0x3b
 478 0069 0B       		.uleb128 0xb
 479 006a 49       		.uleb128 0x49
 480 006b 13       		.uleb128 0x13
 481 006c 38       		.uleb128 0x38
 482 006d 0B       		.uleb128 0xb
 483 006e 00       		.byte	0
 484 006f 00       		.byte	0
 485 0070 09       		.uleb128 0x9
 486 0071 2E       		.uleb128 0x2e
 487 0072 01       		.byte	0x1
 488 0073 3F       		.uleb128 0x3f
 489 0074 19       		.uleb128 0x19
 490 0075 03       		.uleb128 0x3
 491 0076 0E       		.uleb128 0xe
 492 0077 3A       		.uleb128 0x3a
 493 0078 0B       		.uleb128 0xb
 494 0079 3B       		.uleb128 0x3b
 495 007a 0B       		.uleb128 0xb
 496 007b 27       		.uleb128 0x27
 497 007c 19       		.uleb128 0x19
 498 007d 49       		.uleb128 0x49
 499 007e 13       		.uleb128 0x13
 500 007f 11       		.uleb128 0x11
 501 0080 01       		.uleb128 0x1
 502 0081 12       		.uleb128 0x12
 503 0082 06       		.uleb128 0x6
 504 0083 40       		.uleb128 0x40
 505 0084 18       		.uleb128 0x18
 506 0085 9642     		.uleb128 0x2116
 507 0087 19       		.uleb128 0x19
 508 0088 01       		.uleb128 0x1
 509 0089 13       		.uleb128 0x13
 510 008a 00       		.byte	0
 511 008b 00       		.byte	0
 512 008c 0A       		.uleb128 0xa
 513 008d 34       		.uleb128 0x34
 514 008e 00       		.byte	0
 515 008f 03       		.uleb128 0x3
 516 0090 0E       		.uleb128 0xe
 517 0091 3A       		.uleb128 0x3a
 518 0092 0B       		.uleb128 0xb
 519 0093 3B       		.uleb128 0x3b
 520 0094 0B       		.uleb128 0xb
 521 0095 49       		.uleb128 0x49
 522 0096 13       		.uleb128 0x13
 523 0097 02       		.uleb128 0x2
 524 0098 18       		.uleb128 0x18
 525 0099 00       		.byte	0
 526 009a 00       		.byte	0
ARM GAS  D:\Windows\AppData\Local\Temp\cctkKzkj.s 			page 11


 527 009b 0B       		.uleb128 0xb
 528 009c 34       		.uleb128 0x34
 529 009d 00       		.byte	0
 530 009e 03       		.uleb128 0x3
 531 009f 08       		.uleb128 0x8
 532 00a0 3A       		.uleb128 0x3a
 533 00a1 0B       		.uleb128 0xb
 534 00a2 3B       		.uleb128 0x3b
 535 00a3 0B       		.uleb128 0xb
 536 00a4 49       		.uleb128 0x49
 537 00a5 13       		.uleb128 0x13
 538 00a6 02       		.uleb128 0x2
 539 00a7 18       		.uleb128 0x18
 540 00a8 00       		.byte	0
 541 00a9 00       		.byte	0
 542 00aa 0C       		.uleb128 0xc
 543 00ab 0F       		.uleb128 0xf
 544 00ac 00       		.byte	0
 545 00ad 0B       		.uleb128 0xb
 546 00ae 0B       		.uleb128 0xb
 547 00af 49       		.uleb128 0x49
 548 00b0 13       		.uleb128 0x13
 549 00b1 00       		.byte	0
 550 00b2 00       		.byte	0
 551 00b3 0D       		.uleb128 0xd
 552 00b4 34       		.uleb128 0x34
 553 00b5 00       		.byte	0
 554 00b6 03       		.uleb128 0x3
 555 00b7 0E       		.uleb128 0xe
 556 00b8 3A       		.uleb128 0x3a
 557 00b9 0B       		.uleb128 0xb
 558 00ba 3B       		.uleb128 0x3b
 559 00bb 05       		.uleb128 0x5
 560 00bc 49       		.uleb128 0x49
 561 00bd 13       		.uleb128 0x13
 562 00be 3F       		.uleb128 0x3f
 563 00bf 19       		.uleb128 0x19
 564 00c0 3C       		.uleb128 0x3c
 565 00c1 19       		.uleb128 0x19
 566 00c2 00       		.byte	0
 567 00c3 00       		.byte	0
 568 00c4 0E       		.uleb128 0xe
 569 00c5 35       		.uleb128 0x35
 570 00c6 00       		.byte	0
 571 00c7 49       		.uleb128 0x49
 572 00c8 13       		.uleb128 0x13
 573 00c9 00       		.byte	0
 574 00ca 00       		.byte	0
 575 00cb 00       		.byte	0
 576              		.section	.debug_aranges,"",%progbits
 577 0000 1C000000 		.4byte	0x1c
 578 0004 0200     		.2byte	0x2
 579 0006 00000000 		.4byte	.Ldebug_info0
 580 000a 04       		.byte	0x4
 581 000b 00       		.byte	0
 582 000c 0000     		.2byte	0
 583 000e 0000     		.2byte	0
ARM GAS  D:\Windows\AppData\Local\Temp\cctkKzkj.s 			page 12


 584 0010 00000000 		.4byte	.LFB56
 585 0014 50000000 		.4byte	.LFE56-.LFB56
 586 0018 00000000 		.4byte	0
 587 001c 00000000 		.4byte	0
 588              		.section	.debug_ranges,"",%progbits
 589              	.Ldebug_ranges0:
 590 0000 00000000 		.4byte	.LFB56
 591 0004 50000000 		.4byte	.LFE56
 592 0008 00000000 		.4byte	0
 593 000c 00000000 		.4byte	0
 594              		.section	.debug_line,"",%progbits
 595              	.Ldebug_line0:
 596 0000 E6010000 		.section	.debug_str,"MS",%progbits,1
 596      0200B501 
 596      00000201 
 596      FB0E0D00 
 596      01010101 
 597              	.LASF3:
 598 0000 5F5F7569 		.ascii	"__uint8_t\000"
 598      6E74385F 
 598      7400
 599              	.LASF39:
 600 000a 74696D65 		.ascii	"time_cur\000"
 600      5F637572 
 600      00
 601              	.LASF42:
 602 0013 443A5C44 		.ascii	"D:\\Downloads\\FRUCD\\Node-Beaver\\Node-Beaver\\Nod"
 602      6F776E6C 
 602      6F616473 
 602      5C465255 
 602      43445C4E 
 603 0041 652D4265 		.ascii	"e-Beaver_time-set.cydsn\000"
 603      61766572 
 603      5F74696D 
 603      652D7365 
 603      742E6379 
 604              	.LASF6:
 605 0059 5F5F696E 		.ascii	"__int32_t\000"
 605      7433325F 
 605      7400
 606              	.LASF33:
 607 0063 6D696E75 		.ascii	"minute\000"
 607      746500
 608              	.LASF28:
 609 006a 746D5F77 		.ascii	"tm_wday\000"
 609      64617900 
 610              	.LASF40:
 611 0072 474E5520 		.ascii	"GNU C 4.9.3 20150303 (release) [ARM/embedded-4_9-br"
 611      4320342E 
 611      392E3320 
 611      32303135 
 611      30333033 
 612 00a5 616E6368 		.ascii	"anch revision 221220] -mcpu=cortex-m3 -mthumb -g -O"
 612      20726576 
 612      6973696F 
 612      6E203232 
 612      31323230 
ARM GAS  D:\Windows\AppData\Local\Temp\cctkKzkj.s 			page 13


 613 00d8 30202D66 		.ascii	"0 -ffunction-sections -ffat-lto-objects\000"
 613      66756E63 
 613      74696F6E 
 613      2D736563 
 613      74696F6E 
 614              	.LASF38:
 615 0100 72617774 		.ascii	"rawtime\000"
 615      696D6500 
 616              	.LASF31:
 617 0108 6D6F6E74 		.ascii	"month\000"
 617      6800
 618              	.LASF35:
 619 010e 6D696C6C 		.ascii	"millicounter\000"
 619      69636F75 
 619      6E746572 
 619      00
 620              	.LASF24:
 621 011b 746D5F68 		.ascii	"tm_hour\000"
 621      6F757200 
 622              	.LASF17:
 623 0123 666C6F61 		.ascii	"float\000"
 623      7400
 624              	.LASF1:
 625 0129 756E7369 		.ascii	"unsigned char\000"
 625      676E6564 
 625      20636861 
 625      7200
 626              	.LASF8:
 627 0137 5F5F7569 		.ascii	"__uint32_t\000"
 627      6E743332 
 627      5F7400
 628              	.LASF9:
 629 0142 6C6F6E67 		.ascii	"long unsigned int\000"
 629      20756E73 
 629      69676E65 
 629      6420696E 
 629      7400
 630              	.LASF5:
 631 0154 73686F72 		.ascii	"short unsigned int\000"
 631      7420756E 
 631      7369676E 
 631      65642069 
 631      6E7400
 632              	.LASF44:
 633 0167 49544D5F 		.ascii	"ITM_RxBuffer\000"
 633      52784275 
 633      66666572 
 633      00
 634              	.LASF34:
 635 0174 7365636F 		.ascii	"second\000"
 635      6E6400
 636              	.LASF36:
 637 017b 79656172 		.ascii	"year\000"
 637      00
 638              	.LASF4:
 639 0180 5F5F7569 		.ascii	"__uint16_t\000"
 639      6E743136 
ARM GAS  D:\Windows\AppData\Local\Temp\cctkKzkj.s 			page 14


 639      5F7400
 640              	.LASF18:
 641 018b 646F7562 		.ascii	"double\000"
 641      6C6500
 642              	.LASF23:
 643 0192 746D5F6D 		.ascii	"tm_min\000"
 643      696E00
 644              	.LASF22:
 645 0199 746D5F73 		.ascii	"tm_sec\000"
 645      656300
 646              	.LASF30:
 647 01a0 746D5F69 		.ascii	"tm_isdst\000"
 647      73647374 
 647      00
 648              	.LASF29:
 649 01a9 746D5F79 		.ascii	"tm_yday\000"
 649      64617900 
 650              	.LASF12:
 651 01b1 756E7369 		.ascii	"unsigned int\000"
 651      676E6564 
 651      20696E74 
 651      00
 652              	.LASF11:
 653 01be 6C6F6E67 		.ascii	"long long unsigned int\000"
 653      206C6F6E 
 653      6720756E 
 653      7369676E 
 653      65642069 
 654              	.LASF13:
 655 01d5 75696E74 		.ascii	"uint8_t\000"
 655      385F7400 
 656              	.LASF21:
 657 01dd 74696D65 		.ascii	"time_t\000"
 657      5F7400
 658              	.LASF32:
 659 01e4 686F7572 		.ascii	"hour\000"
 659      00
 660              	.LASF43:
 661 01e9 6D61696E 		.ascii	"main\000"
 661      00
 662              	.LASF15:
 663 01ee 696E7433 		.ascii	"int32_t\000"
 663      325F7400 
 664              	.LASF20:
 665 01f6 73697A65 		.ascii	"sizetype\000"
 665      74797065 
 665      00
 666              	.LASF10:
 667 01ff 6C6F6E67 		.ascii	"long long int\000"
 667      206C6F6E 
 667      6720696E 
 667      7400
 668              	.LASF41:
 669 020d 6D61696E 		.ascii	"main.c\000"
 669      2E6300
 670              	.LASF19:
 671 0214 63686172 		.ascii	"char\000"
ARM GAS  D:\Windows\AppData\Local\Temp\cctkKzkj.s 			page 15


 671      00
 672              	.LASF26:
 673 0219 746D5F6D 		.ascii	"tm_mon\000"
 673      6F6E00
 674              	.LASF2:
 675 0220 73686F72 		.ascii	"short int\000"
 675      7420696E 
 675      7400
 676              	.LASF14:
 677 022a 75696E74 		.ascii	"uint16_t\000"
 677      31365F74 
 677      00
 678              	.LASF27:
 679 0233 746D5F79 		.ascii	"tm_year\000"
 679      65617200 
 680              	.LASF16:
 681 023b 75696E74 		.ascii	"uint32_t\000"
 681      33325F74 
 681      00
 682              	.LASF7:
 683 0244 6C6F6E67 		.ascii	"long int\000"
 683      20696E74 
 683      00
 684              	.LASF0:
 685 024d 7369676E 		.ascii	"signed char\000"
 685      65642063 
 685      68617200 
 686              	.LASF37:
 687 0259 54696D65 		.ascii	"Time\000"
 687      00
 688              	.LASF25:
 689 025e 746D5F6D 		.ascii	"tm_mday\000"
 689      64617900 
 690              		.ident	"GCC: (GNU Tools for ARM Embedded Processors) 4.9.3 20150303 (release) [ARM/embedded-4_9-br
